warn  - You have enabled experimental feature(s).
warn  - Experimental features are not covered by semver, and may cause unexpected or broken application behavior. Use them at your own risk.

node:events:498
      throw er; // Unhandled 'error' event
      ^

Error: listen EADDRNOTAVAIL: address not available 192.168.1.101:3001
    at Server.setupListenHandle [as _listen2] (node:net:1313:21)
    at listenInCluster (node:net:1378:12)
    at doListen (node:net:1516:7)
    at processTicksAndRejections (node:internal/process/task_queues:84:21)
Emitted 'error' event on Server instance at:
    at emitErrorNT (node:net:1357:8)
    at processTicksAndRejections (node:internal/process/task_queues:83:21) {
  code: 'EADDRNOTAVAIL',
  errno: -4090,
  syscall: 'listen',
  address: '192.168.1.101',
  port: 3001
}
warn  - You have enabled experimental feature(s).
warn  - Experimental features are not covered by semver, and may cause unexpected or broken application behavior. Use them at your own risk.

node:events:498
      throw er; // Unhandled 'error' event
      ^

Error: listen EADDRNOTAVAIL: address not available 192.168.1.101:3001
    at Server.setupListenHandle [as _listen2] (node:net:1313:21)
    at listenInCluster (node:net:1378:12)
    at doListen (node:net:1516:7)
    at processTicksAndRejections (node:internal/process/task_queues:84:21)
Emitted 'error' event on Server instance at:
    at emitErrorNT (node:net:1357:8)
    at processTicksAndRejections (node:internal/process/task_queues:83:21) {
  code: 'EADDRNOTAVAIL',
  errno: -4090,
  syscall: 'listen',
  address: '192.168.1.101',
  port: 3001
}
warn  - You have enabled experimental feature(s).
warn  - Experimental features are not covered by semver, and may cause unexpected or broken application behavior. Use them at your own risk.

node:events:498
      throw er; // Unhandled 'error' event
      ^

Error: listen EADDRNOTAVAIL: address not available 192.168.1.101:3001
    at Server.setupListenHandle [as _listen2] (node:net:1313:21)
    at listenInCluster (node:net:1378:12)
    at doListen (node:net:1516:7)
    at processTicksAndRejections (node:internal/process/task_queues:84:21)
Emitted 'error' event on Server instance at:
    at emitErrorNT (node:net:1357:8)
    at processTicksAndRejections (node:internal/process/task_queues:83:21) {
  code: 'EADDRNOTAVAIL',
  errno: -4090,
  syscall: 'listen',
  address: '192.168.1.101',
  port: 3001
}
warn  - You have enabled experimental feature(s).
warn  - Experimental features are not covered by semver, and may cause unexpected or broken application behavior. Use them at your own risk.

node:events:498
      throw er; // Unhandled 'error' event
      ^

Error: listen EADDRNOTAVAIL: address not available 192.168.1.101:3001
    at Server.setupListenHandle [as _listen2] (node:net:1313:21)
    at listenInCluster (node:net:1378:12)
    at doListen (node:net:1516:7)
    at processTicksAndRejections (node:internal/process/task_queues:84:21)
Emitted 'error' event on Server instance at:
    at emitErrorNT (node:net:1357:8)
    at processTicksAndRejections (node:internal/process/task_queues:83:21) {
  code: 'EADDRNOTAVAIL',
  errno: -4090,
  syscall: 'listen',
  address: '192.168.1.101',
  port: 3001
}
warn  - You have enabled experimental feature(s).
warn  - Experimental features are not covered by semver, and may cause unexpected or broken application behavior. Use them at your own risk.

node:events:498
      throw er; // Unhandled 'error' event
      ^

Error: listen EADDRNOTAVAIL: address not available 192.168.1.101:3001
    at Server.setupListenHandle [as _listen2] (node:net:1313:21)
    at listenInCluster (node:net:1378:12)
    at doListen (node:net:1516:7)
    at processTicksAndRejections (node:internal/process/task_queues:84:21)
Emitted 'error' event on Server instance at:
    at emitErrorNT (node:net:1357:8)
    at processTicksAndRejections (node:internal/process/task_queues:83:21) {
  code: 'EADDRNOTAVAIL',
  errno: -4090,
  syscall: 'listen',
  address: '192.168.1.101',
  port: 3001
}
warn  - You have enabled experimental feature(s).
warn  - Experimental features are not covered by semver, and may cause unexpected or broken application behavior. Use them at your own risk.

node:events:498
      throw er; // Unhandled 'error' event
      ^

Error: listen EADDRNOTAVAIL: address not available 192.168.1.101:3001
    at Server.setupListenHandle [as _listen2] (node:net:1313:21)
    at listenInCluster (node:net:1378:12)
    at doListen (node:net:1516:7)
    at processTicksAndRejections (node:internal/process/task_queues:84:21)
Emitted 'error' event on Server instance at:
    at emitErrorNT (node:net:1357:8)
    at processTicksAndRejections (node:internal/process/task_queues:83:21) {
  code: 'EADDRNOTAVAIL',
  errno: -4090,
  syscall: 'listen',
  address: '192.168.1.101',
  port: 3001
}
warn  - You have enabled experimental feature(s).
warn  - Experimental features are not covered by semver, and may cause unexpected or broken application behavior. Use them at your own risk.

warn  - You have enabled experimental feature(s).
warn  - Experimental features are not covered by semver, and may cause unexpected or broken application behavior. Use them at your own risk.

warn  - You have enabled experimental feature(s).
warn  - Experimental features are not covered by semver, and may cause unexpected or broken application behavior. Use them at your own risk.

warn  - You have enabled experimental feature(s).
warn  - Experimental features are not covered by semver, and may cause unexpected or broken application behavior. Use them at your own risk.

warn  - You have enabled experimental feature(s).
warn  - Experimental features are not covered by semver, and may cause unexpected or broken application behavior. Use them at your own risk.

